1678592169636	geckodriver	INFO	Listening on 127.0.0.1:65391
1678592172992	mozrunner::runner	INFO	Running command: "A:\\TOR\\Browser\\firefox.exe" "--marionette" "--remote-debugging-port" "65392" "--remote-allow-hosts" "localhost" "-no-remote" "-profile" "C:\\Users\\silas\\AppData\\Local\\Temp\\rust_mozprofileZ4Vtr2"
console.info: SecurityLevel: Listening for messages from NoScript.
console.info: SecurityLevel: Initializing security-prefs.js
console.info: SecurityLevel: security-prefs.js initialization complete
console.info: TorProtocolService: SOCKS port type: TCP
console.info: TorProtocolService: SOCKS host: 127.0.0.1
console.info: TorProtocolService: SOCKS port: 9050
1678592174237	Marionette	INFO	Marionette enabled
1678592174246	Marionette	INFO	Listening on port 65409
WebDriver BiDi listening on ws://localhost:65392
Read port: 65409
console.debug: TorProtocolService: 
  TorProtocolService initialized
console.debug: TorMonitorService: 
  TorMonitorService initialized
console.log: "TorConnect: init()"
console.log: "TorConnect: Entering Initial state"
console.log: "TorConnect: Observing topic 'TorProcessExited'"
console.log: "TorConnect: Observing topic 'TorLogHasWarnOrErr'"
console.log: "TorConnect: Observing topic 'torsettings:ready'"
console.error: "getTorFile: cannot get torrc-defaults" (new Error("torrc-defaults file not found: A:\\TOR\\Browser\\TorBrowser\\Tor\\torrc-defaults", "resource://gre/modules/TorLauncherUtil.jsm", 245))
console.error: TorProcess: 
  startTor error:
  Message: TypeError: torrcDefaultsFile is null
  Stack:
    _makeArgs@resource://gre/modules/TorProcess.jsm:296:23
start@resource://gre/modules/TorProcess.jsm:81:12

console.error: TorMonitorService: 
  Tor not running, not starting to monitor it.
Shutting down due to socket process crash.
1678592174514	Marionette	INFO	Stopped listening on port 65409
1678592174516	CDP	WARN	Failed to remove undefined (Could not parse path (undefined): NS_ERROR_FILE_UNRECOGNIZED_PATH)
1678592174559	RemoteAgent	WARN	TLS certificate errors will be ignored for this session
JavaScript error: chrome://remote/content/marionette/driver.js, line 2178: NS_ERROR_ILLEGAL_VALUE: Component returned failure code: 0x80070057 (NS_ERROR_ILLEGAL_VALUE) [nsIObserverService.removeObserver]
1678592212453	geckodriver	INFO	Listening on 127.0.0.1:65438
1678592215490	mozrunner::runner	INFO	Running command: "A:\\TOR\\Browser\\firefox.exe" "--marionette" "--remote-debugging-port" "65439" "--remote-allow-hosts" "localhost" "-no-remote" "-profile" "C:\\Users\\silas\\AppData\\Local\\Temp\\rust_mozprofileaZanFS"
console.info: SecurityLevel: Listening for messages from NoScript.
console.info: SecurityLevel: Initializing security-prefs.js
console.info: SecurityLevel: security-prefs.js initialization complete
console.info: TorProtocolService: SOCKS port type: TCP
console.info: TorProtocolService: SOCKS host: 127.0.0.1
console.info: TorProtocolService: SOCKS port: 9050
1678592215991	Marionette	INFO	Marionette enabled
1678592215999	Marionette	INFO	Listening on port 65451
WebDriver BiDi listening on ws://localhost:65439
Read port: 65451
console.debug: TorProtocolService: 
  TorProtocolService initialized
console.debug: TorMonitorService: 
  TorMonitorService initialized
console.log: "TorConnect: init()"
console.log: "TorConnect: Entering Initial state"
console.log: "TorConnect: Observing topic 'TorProcessExited'"
console.log: "TorConnect: Observing topic 'TorLogHasWarnOrErr'"
console.log: "TorConnect: Observing topic 'torsettings:ready'"
console.error: "getTorFile: cannot get torrc-defaults" (new Error("torrc-defaults file not found: A:\\TOR\\Browser\\TorBrowser\\Tor\\torrc-defaults", "resource://gre/modules/TorLauncherUtil.jsm", 245))
console.error: TorProcess: 
  startTor error:
  Message: TypeError: torrcDefaultsFile is null
  Stack:
    _makeArgs@resource://gre/modules/TorProcess.jsm:296:23
start@resource://gre/modules/TorProcess.jsm:81:12

console.error: TorMonitorService: 
  Tor not running, not starting to monitor it.
Shutting down due to socket process crash.
1678592216302	Marionette	INFO	Stopped listening on port 65451
1678592216383	CDP	WARN	Failed to remove undefined (Could not parse path (undefined): NS_ERROR_FILE_UNRECOGNIZED_PATH)
1678592216436	RemoteAgent	WARN	TLS certificate errors will be ignored for this session
JavaScript error: chrome://remote/content/marionette/driver.js, line 2178: NS_ERROR_ILLEGAL_VALUE: Component returned failure code: 0x80070057 (NS_ERROR_ILLEGAL_VALUE) [nsIObserverService.removeObserver]
1678592813286	geckodriver	INFO	Listening on 127.0.0.1:49542
1678592816350	mozrunner::runner	INFO	Running command: "A:\\TOR\\Browser\\firefox.exe" "--marionette" "--remote-debugging-port" "49543" "--remote-allow-hosts" "localhost" "-no-remote" "-profile" "C:\\Users\\silas\\AppData\\Local\\Temp\\rust_mozprofilehCYjGd"
console.info: SecurityLevel: Listening for messages from NoScript.
console.info: SecurityLevel: Initializing security-prefs.js
console.info: SecurityLevel: security-prefs.js initialization complete
console.info: TorProtocolService: SOCKS port type: TCP
console.info: TorProtocolService: SOCKS host: 127.0.0.1
console.info: TorProtocolService: SOCKS port: 9050
1678592817342	Marionette	INFO	Marionette enabled
1678592817348	Marionette	INFO	Listening on port 49553
WebDriver BiDi listening on ws://localhost:49543
Read port: 49553
console.debug: TorProtocolService: 
  TorProtocolService initialized
console.debug: TorMonitorService: 
  TorMonitorService initialized
console.log: "TorConnect: init()"
console.log: "TorConnect: Entering Initial state"
console.log: "TorConnect: Observing topic 'TorProcessExited'"
console.log: "TorConnect: Observing topic 'TorLogHasWarnOrErr'"
console.log: "TorConnect: Observing topic 'torsettings:ready'"
console.error: "getTorFile: cannot get torrc-defaults" (new Error("torrc-defaults file not found: A:\\TOR\\Browser\\TorBrowser\\Tor\\torrc-defaults", "resource://gre/modules/TorLauncherUtil.jsm", 245))
console.error: TorProcess: 
  startTor error:
  Message: TypeError: torrcDefaultsFile is null
  Stack:
    _makeArgs@resource://gre/modules/TorProcess.jsm:296:23
start@resource://gre/modules/TorProcess.jsm:81:12

console.error: TorMonitorService: 
  Tor not running, not starting to monitor it.
Shutting down due to socket process crash.
1678592817558	Marionette	INFO	Stopped listening on port 49553
1678592817560	CDP	WARN	Failed to remove undefined (Could not parse path (undefined): NS_ERROR_FILE_UNRECOGNIZED_PATH)
1678592817586	RemoteAgent	WARN	TLS certificate errors will be ignored for this session
JavaScript error: chrome://remote/content/marionette/driver.js, line 2178: NS_ERROR_ILLEGAL_VALUE: Component returned failure code: 0x80070057 (NS_ERROR_ILLEGAL_VALUE) [nsIObserverService.removeObserver]
